
> vibe-generated-app@1.0.0 dev
> vite


  VITE v5.4.20  ready in 400 ms

  ➜  Local:   http://localhost:3000/
  ➜  Network: http://172.20.14.13:3000/
4:44:50 PM [vite] Pre-transform error: Transform failed with 1 error:
/home/workspace/src/components/Breathing.jsx:34:62: ERROR: Expected ":" but found "}"
4:45:48 PM [vite] Internal server error: Transform failed with 1 error:
/home/workspace/src/components/Breathing.jsx:34:62: ERROR: Expected ":" but found "}"
  Plugin: vite:esbuild
  File: /home/workspace/src/components/Breathing.jsx:34:62
  
  Expected ":" but found "}"
  32 |        <div className="relative mx-auto my-6 h-48 w-48 flex items-center justify-center">
  33 |          <div className={`transition-all duration-700 rounded-full bg-sky-200/60 border border-sky-400 shadow-inner`} style={{
  34 |            height: `${running ? 12 + (steps[index].seconds * 6)}rem`,
     |                                                                ^
  35 |            width: `${running ? 12 + (steps[index].seconds * 6)}rem`,
  36 |          }} />
  
      at failureErrorWithLog (/home/workspace/node_modules/esbuild/lib/main.js:1472:15)
      at /home/workspace/node_modules/esbuild/lib/main.js:755:50
      at responseCallbacks.<computed> (/home/workspace/node_modules/esbuild/lib/main.js:622:9)
      at handleIncomingPacket (/home/workspace/node_modules/esbuild/lib/main.js:677:12)
      at Socket.readFromStdout (/home/workspace/node_modules/esbuild/lib/main.js:600:7)
      at Socket.emit (node:events:508:28)
      at addChunk (node:internal/streams/readable:559:12)
      at readableAddChunkPushByteMode (node:internal/streams/readable:510:3)
      at Readable.push (node:internal/streams/readable:390:5)
      at Pipe.onStreamRead (node:internal/stream_base_commons:189:23)
